* using log directory ‘/Users/lee/Desktop/ubynet/ubynet.Rcheck’
* using R version 4.5.1 (2025-06-13)
* using platform: aarch64-apple-darwin20
* R was compiled by
    Apple clang version 16.0.0 (clang-1600.0.26.6)
    GNU Fortran (GCC) 14.2.0
* running under: macOS Sequoia 15.5
* using session charset: UTF-8
* checking for file ‘ubynet/DESCRIPTION’ ... OK
* checking extension type ... Package
* this is package ‘ubynet’ version ‘0.2.1’
* package encoding: UTF-8
* checking package namespace information ... OK
* checking package dependencies ... OK
* checking if this is a source package ... OK
* checking if there is a namespace ... OK
* checking for executable files ... OK
* checking for hidden files and directories ... OK
* checking for portable file names ... OK
* checking for sufficient/correct file permissions ... OK
* checking whether package ‘ubynet’ can be installed ... OK
* checking installed package size ... OK
* checking package directory ... OK
* checking DESCRIPTION meta-information ... WARNING
Non-standard license specification:
  What license it uses
Standardizable: FALSE
* checking top-level files ... OK
* checking for left-over files ... OK
* checking index information ... OK
* checking package subdirectories ... OK
* checking code files for non-ASCII characters ... WARNING
Found the following files with non-ASCII characters:
  R/build_mass_pmd_network.R
  R/match_reactions_by_intensity.R
  R/match_reactions_by_mass_difference.R
Portable packages must use only ASCII characters in their R code and
NAMESPACE directives, except perhaps in comments.
Use \uxxxx escapes for other characters.
Function ‘tools::showNonASCIIfile’ can help in finding non-ASCII
characters in files.
* checking R files for syntax errors ... OK
* checking whether the package can be loaded ... OK
* checking whether the package can be loaded with stated dependencies ... OK
* checking whether the package can be unloaded cleanly ... OK
* checking whether the namespace can be loaded with stated dependencies ... OK
* checking whether the namespace can be unloaded cleanly ... OK
* checking dependencies in R code ... WARNING
'library' or 'require' calls not declared from:
  ‘dplyr’ ‘igraph’ ‘readr’ ‘tidyr’
'library' or 'require' calls in package code:
  ‘dplyr’ ‘igraph’ ‘readr’ ‘tidyr’
  Please use :: or requireNamespace() instead.
  See section 'Suggested packages' in the 'Writing R Extensions' manual.
Namespaces in Imports field not imported from:
  ‘data.table’ ‘utils’
  All declared Imports should be used.
* checking S3 generic/method consistency ... OK
* checking replacement functions ... OK
* checking foreign function calls ... OK
* checking R code for possible problems ... NOTE
build_mass_pmd_network: no visible global function definition for ‘%>%’
build_mass_pmd_network: no visible binding for global variable ‘Mass.x’
build_mass_pmd_network: no visible binding for global variable ‘Mass.y’
build_mass_pmd_network : <anonymous>: no visible global function
  definition for ‘%>%’
build_mass_pmd_network : <anonymous>: no visible binding for global
  variable ‘PMD’
build_mass_pmd_network: no visible global function definition for
  ‘bind_rows’
build_mass_pmd_network: no visible binding for global variable ‘PMD’
build_mass_pmd_network: no visible binding for global variable
  ‘Trans_Name’
build_mass_pmd_network: no visible global function definition for
  ‘write.table’
build_mass_pmd_network: no visible binding for global variable ‘Count’
build_phylogenetic_tree_from_files: no visible global function
  definition for ‘read.csv’
classify_Mass: no visible global function definition for ‘read.csv’
classify_Mass: no visible global function definition for ‘%>%’
classify_Mass: no visible binding for global variable ‘Mass’
classify_Mass: no visible global function definition for ‘full_join’
classify_Mass: no visible global function definition for ‘case_when’
classify_Mass: no visible binding for global variable ‘status’
classify_Mass: no visible binding for global variable ‘value’
classify_Mass: no visible global function definition for ‘write.csv’
classify_Mass_intensity: no visible global function definition for
  ‘read.csv’
classify_Mass_intensity: no visible global function definition for
  ‘%>%’
classify_Mass_intensity: no visible global function definition for
  ‘full_join’
classify_Mass_intensity: no visible binding for global variable ‘Mass’
classify_Mass_intensity: no visible binding for global variable
  ‘intensity’
classify_Mass_intensity: no visible global function definition for
  ‘rename’
classify_Mass_intensity: no visible global function definition for
  ‘replace_na’
classify_Mass_intensity: no visible binding for global variable
  ‘intensity_before’
classify_Mass_intensity: no visible binding for global variable
  ‘intensity_after’
classify_Mass_intensity: no visible global function definition for
  ‘case_when’
classify_Mass_intensity: no visible binding for global variable ‘fc’
classify_Mass_intensity: no visible binding for global variable
  ‘status’
classify_Mass_intensity: no visible global function definition for
  ‘write.csv’
classify_MolForm: no visible global function definition for ‘read.csv’
classify_MolForm: no visible global function definition for ‘%>%’
classify_MolForm: no visible binding for global variable ‘MolForm’
classify_MolForm: no visible global function definition for ‘full_join’
classify_MolForm: no visible global function definition for ‘case_when’
classify_MolForm: no visible binding for global variable ‘status’
classify_MolForm: no visible binding for global variable ‘value’
classify_MolForm: no visible global function definition for ‘write.csv’
classify_MolForm_intensity: no visible global function definition for
  ‘read.csv’
classify_MolForm_intensity: no visible global function definition for
  ‘%>%’
classify_MolForm_intensity: no visible global function definition for
  ‘full_join’
classify_MolForm_intensity: no visible binding for global variable
  ‘MolForm’
classify_MolForm_intensity: no visible binding for global variable
  ‘intensity’
classify_MolForm_intensity: no visible global function definition for
  ‘rename’
classify_MolForm_intensity: no visible global function definition for
  ‘replace_na’
classify_MolForm_intensity: no visible binding for global variable
  ‘intensity_before’
classify_MolForm_intensity: no visible binding for global variable
  ‘intensity_after’
classify_MolForm_intensity: no visible global function definition for
  ‘case_when’
classify_MolForm_intensity: no visible binding for global variable ‘fc’
classify_MolForm_intensity: no visible binding for global variable
  ‘status’
classify_MolForm_intensity: no visible global function definition for
  ‘write.csv’
compare_mass: no visible global function definition for ‘read.csv’
compare_mass: no visible global function definition for ‘write.csv’
compare_molforms: no visible global function definition for ‘read.csv’
compare_molforms: no visible global function definition for ‘write.csv’
compare_multiple_datasets: no visible global function definition for
  ‘read.csv’
compare_multiple_datasets: no visible global function definition for
  ‘write.csv’
detect_transformations: no visible global function definition for
  ‘write.csv’
match_reactions_by_intensity: no visible global function definition for
  ‘%>%’
match_reactions_by_intensity: no visible global function definition for
  ‘rename’
match_reactions_by_intensity: no visible binding for global variable
  ‘MolForm’
match_reactions_by_intensity: no visible binding for global variable
  ‘intensity_1’
match_reactions_by_intensity: no visible binding for global variable
  ‘intensity_2’
match_reactions_by_intensity: no visible binding for global variable
  ‘Formula’
match_reactions_by_intensity: no visible binding for global variable
  ‘abundance_1’
match_reactions_by_intensity: no visible binding for global variable
  ‘C_1’
match_reactions_by_intensity: no visible binding for global variable
  ‘H_1’
match_reactions_by_intensity: no visible binding for global variable
  ‘O_1’
match_reactions_by_intensity: no visible binding for global variable
  ‘N_1’
match_reactions_by_intensity: no visible binding for global variable
  ‘S_1’
match_reactions_by_intensity: no visible binding for global variable
  ‘Cl_1’
match_reactions_by_intensity: no visible binding for global variable
  ‘Br_1’
match_reactions_by_intensity: no visible binding for global variable
  ‘P_1’
match_reactions_by_intensity: no visible binding for global variable
  ‘I_1’
match_reactions_by_intensity: no visible binding for global variable
  ‘abundance_2’
match_reactions_by_intensity: no visible binding for global variable
  ‘C_2’
match_reactions_by_intensity: no visible binding for global variable
  ‘H_2’
match_reactions_by_intensity: no visible binding for global variable
  ‘O_2’
match_reactions_by_intensity: no visible binding for global variable
  ‘N_2’
match_reactions_by_intensity: no visible binding for global variable
  ‘S_2’
match_reactions_by_intensity: no visible binding for global variable
  ‘Cl_2’
match_reactions_by_intensity: no visible binding for global variable
  ‘Br_2’
match_reactions_by_intensity: no visible binding for global variable
  ‘P_2’
match_reactions_by_intensity: no visible binding for global variable
  ‘I_2’
match_reactions_by_intensity: no visible binding for global variable
  ‘pre’
match_reactions_by_intensity: no visible binding for global variable
  ‘pro’
match_reactions_by_intensity: no visible binding for global variable
  ‘C’
match_reactions_by_intensity: no visible binding for global variable
  ‘H’
match_reactions_by_intensity: no visible binding for global variable
  ‘O’
match_reactions_by_intensity: no visible binding for global variable
  ‘N’
match_reactions_by_intensity: no visible binding for global variable
  ‘S’
match_reactions_by_intensity: no visible binding for global variable
  ‘Cl’
match_reactions_by_intensity: no visible binding for global variable
  ‘Br’
match_reactions_by_intensity: no visible binding for global variable
  ‘P’
match_reactions_by_intensity: no visible global function definition for
  ‘bind_rows’
match_reactions_by_intensity: no visible global function definition for
  ‘txtProgressBar’
match_reactions_by_intensity: no visible global function definition for
  ‘setTxtProgressBar’
match_reactions_by_intensity: no visible binding for global variable
  ‘Reaction’
match_reactions_by_mass_difference: no visible global function
  definition for ‘%>%’
match_reactions_by_mass_difference: no visible global function
  definition for ‘rename’
match_reactions_by_mass_difference: no visible binding for global
  variable ‘MolForm’
match_reactions_by_mass_difference: no visible binding for global
  variable ‘intensity_1’
match_reactions_by_mass_difference: no visible binding for global
  variable ‘intensity_2’
match_reactions_by_mass_difference: no visible binding for global
  variable ‘Formula’
match_reactions_by_mass_difference: no visible binding for global
  variable ‘abundance_1’
match_reactions_by_mass_difference: no visible binding for global
  variable ‘Mass_1’
match_reactions_by_mass_difference: no visible binding for global
  variable ‘abundance_2’
match_reactions_by_mass_difference: no visible binding for global
  variable ‘Mass_2’
match_reactions_by_mass_difference: no visible binding for global
  variable ‘pre’
match_reactions_by_mass_difference: no visible binding for global
  variable ‘pro’
match_reactions_by_mass_difference: no visible binding for global
  variable ‘Mass’
match_reactions_by_mass_difference: no visible global function
  definition for ‘bind_rows’
match_reactions_by_mass_difference: no visible global function
  definition for ‘txtProgressBar’
match_reactions_by_mass_difference: no visible global function
  definition for ‘setTxtProgressBar’
match_reactions_by_mass_difference: no visible global function
  definition for ‘group_by’
match_reactions_by_mass_difference: no visible binding for global
  variable ‘Reaction’
match_reactions_by_mass_difference: no visible global function
  definition for ‘summarise’
match_reactions_by_mass_difference: no visible global function
  definition for ‘n’
match_reactions_by_mass_difference: no visible binding for global
  variable ‘Mass_Error’
merge_mass_intensity : install_dependencies: no visible global function
  definition for ‘install.packages’
merge_mass_intensity: no visible global function definition for ‘%>%’
merge_mass_intensity: no visible binding for global variable ‘Mass’
merge_mass_intensity: no visible binding for global variable
  ‘intensity’
merge_mass_intensity: no visible global function definition for
  ‘rename’
merge_mass_intensity: no visible global function definition for ‘:=’
merge_mass_intensity: no visible global function definition for
  ‘all_of’
merge_mass_intensity : <anonymous>: no visible global function
  definition for ‘full_join’
merge_mass_intensity: no visible global function definition for
  ‘across’
merge_mass_intensity: no visible global function definition for
  ‘everything’
merge_mass_intensity: no visible global function definition for
  ‘distinct’
merge_mass_intensity: no visible global function definition for
  ‘bind_rows’
merge_molform_intensity : install_dependencies: no visible global
  function definition for ‘install.packages’
merge_molform_intensity: no visible global function definition for
  ‘%>%’
merge_molform_intensity: no visible global function definition for
  ‘group_by’
merge_molform_intensity: no visible binding for global variable
  ‘MolForm’
merge_molform_intensity: no visible binding for global variable ‘Error’
merge_molform_intensity: no visible global function definition for
  ‘slice’
merge_molform_intensity: no visible global function definition for
  ‘ungroup’
merge_molform_intensity: no visible global function definition for
  ‘distinct’
merge_molform_intensity: no visible binding for global variable
  ‘intensity’
merge_molform_intensity: no visible global function definition for
  ‘rename’
merge_molform_intensity: no visible global function definition for ‘:=’
merge_molform_intensity: no visible global function definition for
  ‘all_of’
merge_molform_intensity : <anonymous>: no visible global function
  definition for ‘full_join’
merge_molform_intensity: no visible global function definition for
  ‘across’
merge_molform_intensity: no visible global function definition for
  ‘everything’
merge_molform_intensity: no visible global function definition for
  ‘bind_rows’
Undefined global functions or variables:
  %>% := Br Br_1 Br_2 C C_1 C_2 Cl Cl_1 Cl_2 Count Error Formula H H_1
  H_2 I_1 I_2 Mass Mass.x Mass.y Mass_1 Mass_2 Mass_Error MolForm N N_1
  N_2 O O_1 O_2 P PMD P_1 P_2 Reaction S S_1 S_2 Trans_Name abundance_1
  abundance_2 across all_of bind_rows case_when distinct everything fc
  full_join group_by install.packages intensity intensity_1 intensity_2
  intensity_after intensity_before n pre pro read.csv rename replace_na
  setTxtProgressBar slice status summarise txtProgressBar ungroup value
  write.csv write.table
Consider adding
  importFrom("stats", "C")
  importFrom("utils", "install.packages", "read.csv",
             "setTxtProgressBar", "txtProgressBar", "write.csv",
             "write.table")
to your NAMESPACE file.
* checking Rd files ... OK
* checking Rd metadata ... OK
* checking Rd cross-references ... OK
* checking for missing documentation entries ... OK
* checking for code/documentation mismatches ... OK
* checking Rd \usage sections ... OK
* checking Rd contents ... OK
* checking for unstated dependencies in examples ... OK
* checking examples ... ERROR
Running examples in ‘ubynet-Ex.R’ failed
The error most likely occurred in:

> ### Name: classify_Mass
> ### Title: Classify Mass into product, resistant, and resistant
> ### Aliases: classify_Mass
> 
> ### ** Examples
> 
> # Using data frames
> before_data <- data.frame(Mass = c(180.16, 46.07))
> after_data <- data.frame(Mass = c(46.07, 16.04))
> classify_Mass(before_data, after_data)

Attaching package: ‘dplyr’

The following objects are masked from ‘package:stats’:

    filter, lag

The following objects are masked from ‘package:base’:

    intersect, setdiff, setequal, union

    Mass        status value
1 180.16 disappearance     0
2  46.07     resistant     1
3  16.04       product     2
> 
> # Using CSV files
> classify_Mass("before.csv", "after.csv", "classified_results.csv")
Warning in file(file, "rt") :
  cannot open file 'before.csv': No such file or directory
Error in file(file, "rt") : cannot open the connection
Calls: classify_Mass -> read.csv -> read.table -> file
Execution halted
* checking PDF version of manual ... WARNING
LaTeX errors when creating PDF version.
This typically indicates Rd problems.
* checking PDF version of manual without index ... ERROR
Re-running with no redirection of stdout/stderr.
* DONE
Status: 2 ERRORs, 4 WARNINGs, 1 NOTE
